<?xml version="1.0" encoding="UTF-8"?>
<!-- Generated by org.testng.reporters.JUnitReportReporter -->
<testsuite skipped="0" hostname="DESKTOP-ITT84LQ" name="cucumberRunnerTest.TestRunner" tests="2" failures="0" timestamp="19 Mar 2020 10:04:19 GMT" time="199.525" errors="2">
  <testcase name="feature" time="101.285" classname="cucumberRunnerTest.TestRunner">
    <error type="cucumber.runtime.CucumberException" message="java.lang.NullPointerException">
      <![CDATA[cucumber.runtime.CucumberException: java.lang.NullPointerException
at cucumber.api.testng.TestNGCucumberRunner.runCucumber(TestNGCucumberRunner.java:69)
at cucumber.api.testng.AbstractTestNGCucumberTests.feature(AbstractTestNGCucumberTests.java:21)
at sun.reflect.NativeMethodAccessorImpl.invoke0(Native Method)
at sun.reflect.NativeMethodAccessorImpl.invoke(Unknown Source)
at sun.reflect.DelegatingMethodAccessorImpl.invoke(Unknown Source)
at java.lang.reflect.Method.invoke(Unknown Source)
at org.testng.internal.MethodInvocationHelper.invokeMethod(MethodInvocationHelper.java:124)
at org.testng.internal.Invoker.invokeMethod(Invoker.java:583)
at org.testng.internal.Invoker.invokeTestMethod(Invoker.java:719)
at org.testng.internal.Invoker.invokeTestMethods(Invoker.java:989)
at org.testng.internal.TestMethodWorker.invokeTestMethods(TestMethodWorker.java:125)
at org.testng.internal.TestMethodWorker.run(TestMethodWorker.java:109)
at java.util.concurrent.ThreadPoolExecutor.runWorker(Unknown Source)
at java.util.concurrent.ThreadPoolExecutor$Worker.run(Unknown Source)
at java.lang.Thread.run(Unknown Source)
Caused by: java.lang.NullPointerException
at com.bookmyshow.pom.base.BasePage.reportFailure(BasePage.java:133)
at com.bookmyshow.pom.base.BasePage.click(BasePage.java:151)
at com.bookmyshow.pom.pages.MovieTicketBooking.Selecttheseats(MovieTicketBooking.java:148)
at stepDefinition.Test_Steps.Selecttheseats(Test_Steps.java:64)
at ✽.When seat is selected(LogIn_Test.feature:14)
]]>
    </error>
  </testcase> <!-- feature -->
  <testcase name="feature" time="98.240" classname="cucumberRunnerTest.TestRunner">
    <error type="cucumber.runtime.CucumberException" message="java.lang.NullPointerException">
      <![CDATA[cucumber.runtime.CucumberException: java.lang.NullPointerException
at cucumber.api.testng.TestNGCucumberRunner.runCucumber(TestNGCucumberRunner.java:69)
at cucumber.api.testng.AbstractTestNGCucumberTests.feature(AbstractTestNGCucumberTests.java:21)
at sun.reflect.NativeMethodAccessorImpl.invoke0(Native Method)
at sun.reflect.NativeMethodAccessorImpl.invoke(Unknown Source)
at sun.reflect.DelegatingMethodAccessorImpl.invoke(Unknown Source)
at java.lang.reflect.Method.invoke(Unknown Source)
at org.testng.internal.MethodInvocationHelper.invokeMethod(MethodInvocationHelper.java:124)
at org.testng.internal.Invoker.invokeMethod(Invoker.java:583)
at org.testng.internal.Invoker.invokeTestMethod(Invoker.java:719)
at org.testng.internal.Invoker.invokeTestMethods(Invoker.java:989)
at org.testng.internal.TestMethodWorker.invokeTestMethods(TestMethodWorker.java:125)
at org.testng.internal.TestMethodWorker.run(TestMethodWorker.java:109)
at java.util.concurrent.ThreadPoolExecutor.runWorker(Unknown Source)
at java.util.concurrent.ThreadPoolExecutor$Worker.run(Unknown Source)
at java.lang.Thread.run(Unknown Source)
Caused by: java.lang.NullPointerException
at com.bookmyshow.pom.base.BasePage.reportFailure(BasePage.java:133)
at com.bookmyshow.pom.base.BasePage.click(BasePage.java:151)
at com.bookmyshow.pom.pages.MovieTicketBooking.Selecttheseats(MovieTicketBooking.java:148)
at stepDefinition.Test_Steps.Selecttheseats(Test_Steps.java:64)
at ✽.When seat is selected(LogIn_Test.feature:14)
]]>
    </error>
  </testcase> <!-- feature -->
</testsuite> <!-- cucumberRunnerTest.TestRunner -->
